<?xml version="1.0" encoding="UTF-8"?>
<coverage generated="1706279437228" clover="3.2.0">
  <project timestamp="1706279437228" name="All files">
    <metrics statements="133" coveredstatements="94" conditionals="14" coveredconditionals="6" methods="35" coveredmethods="26" elements="182" coveredelements="126" complexity="0" loc="133" ncloc="133" packages="3" files="6" classes="6"/>
    <package name="src">
      <metrics statements="5" coveredstatements="2" conditionals="0" coveredconditionals="0" methods="1" coveredmethods="0"/>
      <file name="Provider.tsx" path="E:\RevoU Fullstack\module-4-Egbert\src\Provider.tsx">
        <metrics statements="5" coveredstatements="2" conditionals="0" coveredconditionals="0" methods="1" coveredmethods="0"/>
        <line num="14" count="4" type="stmt"/>
        <line num="16" count="4" type="stmt"/>
        <line num="17" count="0" type="stmt"/>
        <line num="18" count="0" type="stmt"/>
        <line num="20" count="0" type="stmt"/>
      </file>
    </package>
    <package name="src.pages.auth">
      <metrics statements="50" coveredstatements="46" conditionals="4" coveredconditionals="2" methods="13" coveredmethods="12"/>
      <file name="Login.tsx" path="E:\RevoU Fullstack\module-4-Egbert\src\pages\auth\Login.tsx">
        <metrics statements="25" coveredstatements="23" conditionals="2" coveredconditionals="1" methods="6" coveredmethods="6"/>
        <line num="15" count="1" type="stmt"/>
        <line num="22" count="1" type="stmt"/>
        <line num="23" count="4" type="stmt"/>
        <line num="24" count="3" type="stmt"/>
        <line num="25" count="3" type="stmt"/>
        <line num="31" count="3" type="stmt"/>
        <line num="39" count="3" type="stmt"/>
        <line num="40" count="1" type="stmt"/>
        <line num="41" count="1" type="stmt"/>
        <line num="44" count="3" type="stmt"/>
        <line num="45" count="1" type="stmt"/>
        <line num="46" count="1" type="stmt"/>
        <line num="53" count="1" type="stmt"/>
        <line num="54" count="0" type="stmt"/>
        <line num="56" count="1" type="stmt"/>
        <line num="57" count="1" type="stmt"/>
        <line num="58" count="1" type="cond" truecount="1" falsecount="1"/>
        <line num="59" count="0" type="stmt"/>
        <line num="61" count="1" type="stmt"/>
        <line num="64" count="3" type="stmt"/>
        <line num="66" count="3" type="stmt"/>
        <line num="67" count="1" type="stmt"/>
        <line num="70" count="3" type="stmt"/>
        <line num="81" count="4" type="stmt"/>
        <line num="100" count="4" type="stmt"/>
      </file>
      <file name="Register.tsx" path="E:\RevoU Fullstack\module-4-Egbert\src\pages\auth\Register.tsx">
        <metrics statements="25" coveredstatements="23" conditionals="2" coveredconditionals="1" methods="7" coveredmethods="6"/>
        <line num="16" count="1" type="stmt"/>
        <line num="24" count="1" type="stmt"/>
        <line num="25" count="6" type="stmt"/>
        <line num="27" count="6" type="stmt"/>
        <line num="28" count="5" type="stmt"/>
        <line num="29" count="5" type="stmt"/>
        <line num="35" count="5" type="stmt"/>
        <line num="39" count="5" type="stmt"/>
        <line num="40" count="1" type="stmt"/>
        <line num="41" count="1" type="stmt"/>
        <line num="44" count="5" type="stmt"/>
        <line num="45" count="2" type="stmt"/>
        <line num="46" count="2" type="stmt"/>
        <line num="52" count="1" type="stmt"/>
        <line num="54" count="1" type="stmt"/>
        <line num="55" count="1" type="stmt"/>
        <line num="56" count="1" type="cond" truecount="1" falsecount="1"/>
        <line num="57" count="0" type="stmt"/>
        <line num="59" count="1" type="stmt"/>
        <line num="63" count="5" type="stmt"/>
        <line num="64" count="0" type="stmt"/>
        <line num="67" count="5" type="stmt"/>
        <line num="78" count="7" type="stmt"/>
        <line num="97" count="7" type="stmt"/>
        <line num="116" count="7" type="stmt"/>
      </file>
    </package>
    <package name="src.pages.category">
      <metrics statements="78" coveredstatements="46" conditionals="10" coveredconditionals="4" methods="21" coveredmethods="14"/>
      <file name="Add.tsx" path="E:\RevoU Fullstack\module-4-Egbert\src\pages\category\Add.tsx">
        <metrics statements="23" coveredstatements="13" conditionals="2" coveredconditionals="0" methods="5" coveredmethods="3"/>
        <line num="16" count="1" type="stmt"/>
        <line num="23" count="1" type="stmt"/>
        <line num="24" count="2" type="stmt"/>
        <line num="25" count="2" type="stmt"/>
        <line num="26" count="2" type="stmt"/>
        <line num="27" count="2" type="stmt"/>
        <line num="33" count="2" type="stmt"/>
        <line num="37" count="2" type="stmt"/>
        <line num="39" count="2" type="stmt"/>
        <line num="40" count="0" type="stmt"/>
        <line num="41" count="0" type="stmt"/>
        <line num="44" count="2" type="stmt"/>
        <line num="45" count="0" type="stmt"/>
        <line num="46" count="0" type="stmt"/>
        <line num="55" count="0" type="stmt"/>
        <line num="57" count="0" type="stmt"/>
        <line num="58" count="0" type="stmt"/>
        <line num="59" count="0" type="cond" truecount="0" falsecount="2"/>
        <line num="60" count="0" type="stmt"/>
        <line num="62" count="0" type="stmt"/>
        <line num="66" count="2" type="stmt"/>
        <line num="78" count="2" type="stmt"/>
        <line num="98" count="2" type="stmt"/>
      </file>
      <file name="Edit.tsx" path="E:\RevoU Fullstack\module-4-Egbert\src\pages\category\Edit.tsx">
        <metrics statements="35" coveredstatements="19" conditionals="4" coveredconditionals="0" methods="7" coveredmethods="5"/>
        <line num="16" count="1" type="stmt"/>
        <line num="24" count="1" type="stmt"/>
        <line num="25" count="1" type="stmt"/>
        <line num="26" count="1" type="stmt"/>
        <line num="27" count="1" type="stmt"/>
        <line num="28" count="1" type="stmt"/>
        <line num="30" count="1" type="stmt"/>
        <line num="36" count="1" type="stmt"/>
        <line num="40" count="1" type="stmt"/>
        <line num="41" count="0" type="stmt"/>
        <line num="42" count="0" type="stmt"/>
        <line num="45" count="1" type="stmt"/>
        <line num="47" count="1" type="stmt"/>
        <line num="48" count="1" type="stmt"/>
        <line num="49" count="1" type="stmt"/>
        <line num="57" count="0" type="stmt"/>
        <line num="63" count="0" type="stmt"/>
        <line num="64" count="0" type="stmt"/>
        <line num="65" count="0" type="cond" truecount="0" falsecount="2"/>
        <line num="66" count="0" type="stmt"/>
        <line num="68" count="0" type="stmt"/>
        <line num="72" count="1" type="stmt"/>
        <line num="73" count="1" type="stmt"/>
        <line num="76" count="1" type="stmt"/>
        <line num="77" count="0" type="stmt"/>
        <line num="78" count="0" type="stmt"/>
        <line num="92" count="0" type="stmt"/>
        <line num="94" count="0" type="stmt"/>
        <line num="95" count="0" type="stmt"/>
        <line num="96" count="0" type="cond" truecount="0" falsecount="2"/>
        <line num="97" count="0" type="stmt"/>
        <line num="99" count="0" type="stmt"/>
        <line num="103" count="1" type="stmt"/>
        <line num="115" count="1" type="stmt"/>
        <line num="134" count="1" type="stmt"/>
      </file>
      <file name="List.tsx" path="E:\RevoU Fullstack\module-4-Egbert\src\pages\category\List.tsx">
        <metrics statements="20" coveredstatements="14" conditionals="4" coveredconditionals="4" methods="9" coveredmethods="6"/>
        <line num="12" count="1" type="stmt"/>
        <line num="13" count="4" type="stmt"/>
        <line num="14" count="4" type="stmt"/>
        <line num="16" count="4" type="stmt"/>
        <line num="17" count="0" type="stmt"/>
        <line num="20" count="4" type="stmt"/>
        <line num="22" count="4" type="stmt"/>
        <line num="23" count="2" type="stmt"/>
        <line num="28" count="2" type="stmt"/>
        <line num="31" count="4" type="stmt"/>
        <line num="32" count="2" type="stmt"/>
        <line num="35" count="4" type="stmt"/>
        <line num="36" count="0" type="stmt"/>
        <line num="37" count="0" type="stmt"/>
        <line num="43" count="0" type="stmt"/>
        <line num="49" count="4" type="stmt"/>
        <line num="50" count="0" type="stmt"/>
        <line num="51" count="0" type="stmt"/>
        <line num="54" count="4" type="stmt"/>
        <line num="83" count="4" type="stmt"/>
      </file>
    </package>
  </project>
</coverage>
