{"E:\\RevoU Fullstack\\module-4-Egbert\\src\\Provider.tsx": {"path":"E:\\RevoU Fullstack\\module-4-Egbert\\src\\Provider.tsx","statementMap":{"0":{"start":{"line":14,"column":26},"end":{"line":14,"column":58}},"1":{"start":{"line":16,"column":24},"end":{"line":30,"column":1}},"2":{"start":{"line":17,"column":28},"end":{"line":17,"column":43}},"3":{"start":{"line":18,"column":34},"end":{"line":18,"column":46}},"4":{"start":{"line":20,"column":4},"end":{"line":29,"column":5}}},"fnMap":{"0":{"name":"(anonymous_0)","decl":{"start":{"line":16,"column":24},"end":{"line":16,"column":25}},"loc":{"start":{"line":16,"column":50},"end":{"line":30,"column":1}},"line":16}},"branchMap":{},"s":{"0":5,"1":5,"2":5,"3":5,"4":5},"f":{"0":5},"b":{},"_coverageSchema":"1a1c01bbd47fc00a2c39e90264f33305004495a9","hash":"177273755e432d7b89992797073fce1c02821500"}
,"E:\\RevoU Fullstack\\module-4-Egbert\\src\\pages\\auth\\Login.tsx": {"path":"E:\\RevoU Fullstack\\module-4-Egbert\\src\\pages\\auth\\Login.tsx","statementMap":{"0":{"start":{"line":15,"column":15},"end":{"line":20,"column":11}},"1":{"start":{"line":22,"column":14},"end":{"line":129,"column":1}},"2":{"start":{"line":23,"column":16},"end":{"line":23,"column":51}},"3":{"start":{"line":24,"column":16},"end":{"line":24,"column":32}},"4":{"start":{"line":25,"column":19},"end":{"line":25,"column":38}},"5":{"start":{"line":31,"column":4},"end":{"line":37,"column":2}},"6":{"start":{"line":39,"column":20},"end":{"line":42,"column":1}},"7":{"start":{"line":40,"column":4},"end":{"line":40,"column":20}},"8":{"start":{"line":41,"column":4},"end":{"line":41,"column":26}},"9":{"start":{"line":44,"column":15},"end":{"line":63,"column":1}},"10":{"start":{"line":45,"column":4},"end":{"line":62,"column":5}},"11":{"start":{"line":46,"column":21},"end":{"line":51,"column":5}},"12":{"start":{"line":53,"column":4},"end":{"line":53,"column":67}},"13":{"start":{"line":54,"column":4},"end":{"line":54,"column":18}},"14":{"start":{"line":56,"column":20},"end":{"line":56,"column":46}},"15":{"start":{"line":57,"column":31},"end":{"line":57,"column":58}},"16":{"start":{"line":58,"column":8},"end":{"line":60,"column":9}},"17":{"start":{"line":59,"column":12},"end":{"line":59,"column":19}},"18":{"start":{"line":61,"column":8},"end":{"line":61,"column":36}},"19":{"start":{"line":64,"column":17},"end":{"line":64,"column":30}},"20":{"start":{"line":66,"column":23},"end":{"line":68,"column":1}},"21":{"start":{"line":67,"column":4},"end":{"line":67,"column":26}},"22":{"start":{"line":70,"column":0},"end":{"line":128,"column":2}},"23":{"start":{"line":81,"column":16},"end":{"line":91,"column":14}},"24":{"start":{"line":100,"column":16},"end":{"line":111,"column":14}}},"fnMap":{"0":{"name":"(anonymous_0)","decl":{"start":{"line":22,"column":14},"end":{"line":22,"column":15}},"loc":{"start":{"line":22,"column":20},"end":{"line":129,"column":1}},"line":22},"1":{"name":"(anonymous_1)","decl":{"start":{"line":39,"column":20},"end":{"line":39,"column":21}},"loc":{"start":{"line":39,"column":41},"end":{"line":42,"column":1}},"line":39},"2":{"name":"(anonymous_2)","decl":{"start":{"line":44,"column":15},"end":{"line":44,"column":16}},"loc":{"start":{"line":44,"column":42},"end":{"line":63,"column":1}},"line":44},"3":{"name":"(anonymous_3)","decl":{"start":{"line":66,"column":23},"end":{"line":66,"column":24}},"loc":{"start":{"line":66,"column":29},"end":{"line":68,"column":1}},"line":66},"4":{"name":"(anonymous_4)","decl":{"start":{"line":80,"column":20},"end":{"line":80,"column":21}},"loc":{"start":{"line":81,"column":16},"end":{"line":91,"column":14}},"line":81},"5":{"name":"(anonymous_5)","decl":{"start":{"line":99,"column":20},"end":{"line":99,"column":21}},"loc":{"start":{"line":100,"column":16},"end":{"line":111,"column":14}},"line":100}},"branchMap":{"0":{"loc":{"start":{"line":58,"column":8},"end":{"line":60,"column":9}},"type":"if","locations":[{"start":{"line":58,"column":8},"end":{"line":60,"column":9}},{"start":{},"end":{}}],"line":58}},"s":{"0":1,"1":1,"2":4,"3":3,"4":3,"5":3,"6":3,"7":1,"8":1,"9":3,"10":1,"11":1,"12":1,"13":0,"14":1,"15":1,"16":1,"17":0,"18":1,"19":3,"20":3,"21":1,"22":3,"23":4,"24":4},"f":{"0":4,"1":1,"2":1,"3":1,"4":4,"5":4},"b":{"0":[0,1]},"_coverageSchema":"1a1c01bbd47fc00a2c39e90264f33305004495a9","hash":"c2ff2da2d9efe4130526b651e8451c428694c863"}
,"E:\\RevoU Fullstack\\module-4-Egbert\\src\\pages\\auth\\Register.tsx": {"path":"E:\\RevoU Fullstack\\module-4-Egbert\\src\\pages\\auth\\Register.tsx","statementMap":{"0":{"start":{"line":16,"column":15},"end":{"line":22,"column":15}},"1":{"start":{"line":24,"column":17},"end":{"line":145,"column":1}},"2":{"start":{"line":25,"column":21},"end":{"line":25,"column":34}},"3":{"start":{"line":27,"column":20},"end":{"line":27,"column":55}},"4":{"start":{"line":28,"column":20},"end":{"line":28,"column":36}},"5":{"start":{"line":29,"column":23},"end":{"line":29,"column":42}},"6":{"start":{"line":35,"column":8},"end":{"line":37,"column":6}},"7":{"start":{"line":39,"column":24},"end":{"line":42,"column":5}},"8":{"start":{"line":40,"column":4},"end":{"line":40,"column":20}},"9":{"start":{"line":41,"column":4},"end":{"line":41,"column":26}},"10":{"start":{"line":44,"column":21},"end":{"line":61,"column":5}},"11":{"start":{"line":45,"column":4},"end":{"line":60,"column":5}},"12":{"start":{"line":46,"column":8},"end":{"line":50,"column":11}},"13":{"start":{"line":52,"column":4},"end":{"line":52,"column":23}},"14":{"start":{"line":54,"column":20},"end":{"line":54,"column":46}},"15":{"start":{"line":55,"column":31},"end":{"line":55,"column":57}},"16":{"start":{"line":56,"column":8},"end":{"line":58,"column":9}},"17":{"start":{"line":57,"column":8},"end":{"line":57,"column":15}},"18":{"start":{"line":59,"column":8},"end":{"line":59,"column":36}},"19":{"start":{"line":63,"column":24},"end":{"line":65,"column":5}},"20":{"start":{"line":64,"column":4},"end":{"line":64,"column":23}},"21":{"start":{"line":67,"column":4},"end":{"line":144,"column":6}},"22":{"start":{"line":78,"column":16},"end":{"line":88,"column":18}},"23":{"start":{"line":97,"column":16},"end":{"line":107,"column":18}},"24":{"start":{"line":116,"column":16},"end":{"line":127,"column":18}}},"fnMap":{"0":{"name":"(anonymous_0)","decl":{"start":{"line":24,"column":17},"end":{"line":24,"column":18}},"loc":{"start":{"line":24,"column":23},"end":{"line":145,"column":1}},"line":24},"1":{"name":"(anonymous_1)","decl":{"start":{"line":39,"column":24},"end":{"line":39,"column":25}},"loc":{"start":{"line":39,"column":45},"end":{"line":42,"column":5}},"line":39},"2":{"name":"(anonymous_2)","decl":{"start":{"line":44,"column":21},"end":{"line":44,"column":22}},"loc":{"start":{"line":44,"column":48},"end":{"line":61,"column":5}},"line":44},"3":{"name":"(anonymous_3)","decl":{"start":{"line":63,"column":24},"end":{"line":63,"column":25}},"loc":{"start":{"line":63,"column":30},"end":{"line":65,"column":5}},"line":63},"4":{"name":"(anonymous_4)","decl":{"start":{"line":77,"column":20},"end":{"line":77,"column":21}},"loc":{"start":{"line":78,"column":16},"end":{"line":88,"column":18}},"line":78},"5":{"name":"(anonymous_5)","decl":{"start":{"line":96,"column":20},"end":{"line":96,"column":21}},"loc":{"start":{"line":97,"column":16},"end":{"line":107,"column":18}},"line":97},"6":{"name":"(anonymous_6)","decl":{"start":{"line":115,"column":20},"end":{"line":115,"column":21}},"loc":{"start":{"line":116,"column":16},"end":{"line":127,"column":18}},"line":116}},"branchMap":{"0":{"loc":{"start":{"line":56,"column":8},"end":{"line":58,"column":9}},"type":"if","locations":[{"start":{"line":56,"column":8},"end":{"line":58,"column":9}},{"start":{},"end":{}}],"line":56}},"s":{"0":1,"1":1,"2":6,"3":6,"4":5,"5":5,"6":5,"7":5,"8":1,"9":1,"10":5,"11":2,"12":2,"13":1,"14":1,"15":1,"16":1,"17":0,"18":1,"19":5,"20":0,"21":5,"22":7,"23":7,"24":7},"f":{"0":6,"1":1,"2":2,"3":0,"4":7,"5":7,"6":7},"b":{"0":[0,1]},"_coverageSchema":"1a1c01bbd47fc00a2c39e90264f33305004495a9","hash":"08727ccd60814e5364ac9f96305e793861c68279"}
,"E:\\RevoU Fullstack\\module-4-Egbert\\src\\pages\\category\\Add.tsx": {"path":"E:\\RevoU Fullstack\\module-4-Egbert\\src\\pages\\category\\Add.tsx","statementMap":{"0":{"start":{"line":16,"column":15},"end":{"line":21,"column":15}},"1":{"start":{"line":23,"column":12},"end":{"line":123,"column":1}},"2":{"start":{"line":24,"column":21},"end":{"line":24,"column":34}},"3":{"start":{"line":25,"column":20},"end":{"line":25,"column":55}},"4":{"start":{"line":26,"column":20},"end":{"line":26,"column":36}},"5":{"start":{"line":27,"column":23},"end":{"line":27,"column":42}},"6":{"start":{"line":33,"column":8},"end":{"line":35,"column":6}},"7":{"start":{"line":37,"column":18},"end":{"line":37,"column":54}},"8":{"start":{"line":39,"column":24},"end":{"line":42,"column":5}},"9":{"start":{"line":40,"column":4},"end":{"line":40,"column":20}},"10":{"start":{"line":41,"column":4},"end":{"line":41,"column":26}},"11":{"start":{"line":44,"column":21},"end":{"line":64,"column":5}},"12":{"start":{"line":45,"column":4},"end":{"line":63,"column":5}},"13":{"start":{"line":46,"column":8},"end":{"line":53,"column":11}},"14":{"start":{"line":55,"column":8},"end":{"line":55,"column":22}},"15":{"start":{"line":57,"column":20},"end":{"line":57,"column":46}},"16":{"start":{"line":58,"column":31},"end":{"line":58,"column":57}},"17":{"start":{"line":59,"column":8},"end":{"line":61,"column":9}},"18":{"start":{"line":60,"column":8},"end":{"line":60,"column":15}},"19":{"start":{"line":62,"column":8},"end":{"line":62,"column":36}},"20":{"start":{"line":66,"column":4},"end":{"line":122,"column":6}},"21":{"start":{"line":78,"column":16},"end":{"line":88,"column":18}},"22":{"start":{"line":98,"column":16},"end":{"line":109,"column":25}}},"fnMap":{"0":{"name":"(anonymous_0)","decl":{"start":{"line":23,"column":12},"end":{"line":23,"column":13}},"loc":{"start":{"line":23,"column":18},"end":{"line":123,"column":1}},"line":23},"1":{"name":"(anonymous_1)","decl":{"start":{"line":39,"column":24},"end":{"line":39,"column":25}},"loc":{"start":{"line":39,"column":45},"end":{"line":42,"column":5}},"line":39},"2":{"name":"(anonymous_2)","decl":{"start":{"line":44,"column":21},"end":{"line":44,"column":22}},"loc":{"start":{"line":44,"column":48},"end":{"line":64,"column":5}},"line":44},"3":{"name":"(anonymous_3)","decl":{"start":{"line":77,"column":20},"end":{"line":77,"column":21}},"loc":{"start":{"line":78,"column":16},"end":{"line":88,"column":18}},"line":78},"4":{"name":"(anonymous_4)","decl":{"start":{"line":97,"column":20},"end":{"line":97,"column":21}},"loc":{"start":{"line":98,"column":16},"end":{"line":109,"column":25}},"line":98}},"branchMap":{"0":{"loc":{"start":{"line":59,"column":8},"end":{"line":61,"column":9}},"type":"if","locations":[{"start":{"line":59,"column":8},"end":{"line":61,"column":9}},{"start":{},"end":{}}],"line":59}},"s":{"0":1,"1":1,"2":1,"3":1,"4":1,"5":1,"6":1,"7":1,"8":1,"9":0,"10":0,"11":1,"12":0,"13":0,"14":0,"15":0,"16":0,"17":0,"18":0,"19":0,"20":1,"21":1,"22":1},"f":{"0":1,"1":0,"2":0,"3":1,"4":1},"b":{"0":[0,0]},"_coverageSchema":"1a1c01bbd47fc00a2c39e90264f33305004495a9","hash":"6d57a4ed0e361be6abcff6fbfbb170dba9cd78bb"}
,"E:\\RevoU Fullstack\\module-4-Egbert\\src\\pages\\category\\Edit.tsx": {"path":"E:\\RevoU Fullstack\\module-4-Egbert\\src\\pages\\category\\Edit.tsx","statementMap":{"0":{"start":{"line":16,"column":15},"end":{"line":22,"column":15}},"1":{"start":{"line":24,"column":13},"end":{"line":159,"column":1}},"2":{"start":{"line":25,"column":21},"end":{"line":25,"column":34}},"3":{"start":{"line":26,"column":20},"end":{"line":26,"column":55}},"4":{"start":{"line":27,"column":20},"end":{"line":27,"column":36}},"5":{"start":{"line":28,"column":23},"end":{"line":28,"column":42}},"6":{"start":{"line":30,"column":19},"end":{"line":30,"column":30}},"7":{"start":{"line":36,"column":8},"end":{"line":38,"column":6}},"8":{"start":{"line":40,"column":24},"end":{"line":43,"column":5}},"9":{"start":{"line":41,"column":4},"end":{"line":41,"column":20}},"10":{"start":{"line":42,"column":4},"end":{"line":42,"column":26}},"11":{"start":{"line":45,"column":18},"end":{"line":45,"column":54}},"12":{"start":{"line":47,"column":24},"end":{"line":70,"column":5}},"13":{"start":{"line":48,"column":4},"end":{"line":69,"column":5}},"14":{"start":{"line":49,"column":25},"end":{"line":56,"column":9}},"15":{"start":{"line":57,"column":8},"end":{"line":61,"column":11}},"16":{"start":{"line":63,"column":20},"end":{"line":63,"column":46}},"17":{"start":{"line":64,"column":23},"end":{"line":64,"column":49}},"18":{"start":{"line":65,"column":8},"end":{"line":67,"column":9}},"19":{"start":{"line":66,"column":8},"end":{"line":66,"column":15}},"20":{"start":{"line":68,"column":8},"end":{"line":68,"column":28}},"21":{"start":{"line":72,"column":4},"end":{"line":74,"column":13}},"22":{"start":{"line":73,"column":4},"end":{"line":73,"column":18}},"23":{"start":{"line":76,"column":21},"end":{"line":101,"column":5}},"24":{"start":{"line":77,"column":4},"end":{"line":100,"column":5}},"25":{"start":{"line":78,"column":8},"end":{"line":90,"column":10}},"26":{"start":{"line":92,"column":8},"end":{"line":92,"column":22}},"27":{"start":{"line":94,"column":20},"end":{"line":94,"column":46}},"28":{"start":{"line":95,"column":23},"end":{"line":95,"column":49}},"29":{"start":{"line":96,"column":8},"end":{"line":98,"column":9}},"30":{"start":{"line":97,"column":8},"end":{"line":97,"column":15}},"31":{"start":{"line":99,"column":8},"end":{"line":99,"column":28}},"32":{"start":{"line":103,"column":4},"end":{"line":158,"column":6}},"33":{"start":{"line":115,"column":16},"end":{"line":124,"column":18}},"34":{"start":{"line":134,"column":16},"end":{"line":145,"column":25}}},"fnMap":{"0":{"name":"(anonymous_0)","decl":{"start":{"line":24,"column":13},"end":{"line":24,"column":14}},"loc":{"start":{"line":24,"column":19},"end":{"line":159,"column":1}},"line":24},"1":{"name":"(anonymous_1)","decl":{"start":{"line":40,"column":24},"end":{"line":40,"column":25}},"loc":{"start":{"line":40,"column":45},"end":{"line":43,"column":5}},"line":40},"2":{"name":"(anonymous_2)","decl":{"start":{"line":47,"column":24},"end":{"line":47,"column":25}},"loc":{"start":{"line":47,"column":36},"end":{"line":70,"column":5}},"line":47},"3":{"name":"(anonymous_3)","decl":{"start":{"line":72,"column":14},"end":{"line":72,"column":15}},"loc":{"start":{"line":72,"column":20},"end":{"line":74,"column":5}},"line":72},"4":{"name":"(anonymous_4)","decl":{"start":{"line":76,"column":21},"end":{"line":76,"column":22}},"loc":{"start":{"line":76,"column":48},"end":{"line":101,"column":5}},"line":76},"5":{"name":"(anonymous_5)","decl":{"start":{"line":114,"column":20},"end":{"line":114,"column":21}},"loc":{"start":{"line":115,"column":16},"end":{"line":124,"column":18}},"line":115},"6":{"name":"(anonymous_6)","decl":{"start":{"line":133,"column":20},"end":{"line":133,"column":21}},"loc":{"start":{"line":134,"column":16},"end":{"line":145,"column":25}},"line":134}},"branchMap":{"0":{"loc":{"start":{"line":65,"column":8},"end":{"line":67,"column":9}},"type":"if","locations":[{"start":{"line":65,"column":8},"end":{"line":67,"column":9}},{"start":{},"end":{}}],"line":65},"1":{"loc":{"start":{"line":96,"column":8},"end":{"line":98,"column":9}},"type":"if","locations":[{"start":{"line":96,"column":8},"end":{"line":98,"column":9}},{"start":{},"end":{}}],"line":96}},"s":{"0":1,"1":1,"2":1,"3":1,"4":1,"5":1,"6":1,"7":1,"8":1,"9":0,"10":0,"11":1,"12":1,"13":1,"14":1,"15":0,"16":0,"17":0,"18":0,"19":0,"20":0,"21":1,"22":1,"23":1,"24":0,"25":0,"26":0,"27":0,"28":0,"29":0,"30":0,"31":0,"32":1,"33":1,"34":1},"f":{"0":1,"1":0,"2":1,"3":1,"4":0,"5":1,"6":1},"b":{"0":[0,0],"1":[0,0]},"_coverageSchema":"1a1c01bbd47fc00a2c39e90264f33305004495a9","hash":"6de58550952aa0b6c025d0b6b0569117a2a7301c"}
,"E:\\RevoU Fullstack\\module-4-Egbert\\src\\pages\\category\\List.tsx": {"path":"E:\\RevoU Fullstack\\module-4-Egbert\\src\\pages\\category\\List.tsx","statementMap":{"0":{"start":{"line":12,"column":13},"end":{"line":106,"column":1}},"1":{"start":{"line":13,"column":21},"end":{"line":13,"column":34}},"2":{"start":{"line":14,"column":28},"end":{"line":14,"column":52}},"3":{"start":{"line":16,"column":23},"end":{"line":18,"column":5}},"4":{"start":{"line":16,"column":39},"end":{"line":18,"column":5}},"5":{"start":{"line":17,"column":8},"end":{"line":17,"column":32}},"6":{"start":{"line":20,"column":18},"end":{"line":20,"column":54}},"7":{"start":{"line":22,"column":22},"end":{"line":29,"column":5}},"8":{"start":{"line":23,"column":25},"end":{"line":27,"column":10}},"9":{"start":{"line":28,"column":8},"end":{"line":28,"column":36}},"10":{"start":{"line":31,"column":4},"end":{"line":33,"column":11}},"11":{"start":{"line":32,"column":8},"end":{"line":32,"column":20}},"12":{"start":{"line":35,"column":25},"end":{"line":47,"column":5}},"13":{"start":{"line":35,"column":41},"end":{"line":47,"column":5}},"14":{"start":{"line":36,"column":8},"end":{"line":46,"column":9}},"15":{"start":{"line":37,"column":12},"end":{"line":41,"column":15}},"16":{"start":{"line":43,"column":12},"end":{"line":43,"column":24}},"17":{"start":{"line":49,"column":25},"end":{"line":52,"column":5}},"18":{"start":{"line":50,"column":8},"end":{"line":50,"column":48}},"19":{"start":{"line":51,"column":8},"end":{"line":51,"column":27}},"20":{"start":{"line":54,"column":4},"end":{"line":105,"column":6}},"21":{"start":{"line":83,"column":36},"end":{"line":97,"column":47}}},"fnMap":{"0":{"name":"(anonymous_0)","decl":{"start":{"line":12,"column":13},"end":{"line":12,"column":14}},"loc":{"start":{"line":12,"column":19},"end":{"line":106,"column":1}},"line":12},"1":{"name":"(anonymous_1)","decl":{"start":{"line":16,"column":23},"end":{"line":16,"column":24}},"loc":{"start":{"line":16,"column":39},"end":{"line":18,"column":5}},"line":16},"2":{"name":"(anonymous_2)","decl":{"start":{"line":16,"column":39},"end":{"line":16,"column":40}},"loc":{"start":{"line":16,"column":45},"end":{"line":18,"column":5}},"line":16},"3":{"name":"(anonymous_3)","decl":{"start":{"line":22,"column":22},"end":{"line":22,"column":23}},"loc":{"start":{"line":22,"column":34},"end":{"line":29,"column":5}},"line":22},"4":{"name":"(anonymous_4)","decl":{"start":{"line":31,"column":14},"end":{"line":31,"column":15}},"loc":{"start":{"line":31,"column":20},"end":{"line":33,"column":5}},"line":31},"5":{"name":"(anonymous_5)","decl":{"start":{"line":35,"column":25},"end":{"line":35,"column":26}},"loc":{"start":{"line":35,"column":41},"end":{"line":47,"column":5}},"line":35},"6":{"name":"(anonymous_6)","decl":{"start":{"line":35,"column":41},"end":{"line":35,"column":42}},"loc":{"start":{"line":35,"column":53},"end":{"line":47,"column":5}},"line":35},"7":{"name":"(anonymous_7)","decl":{"start":{"line":49,"column":25},"end":{"line":49,"column":26}},"loc":{"start":{"line":49,"column":31},"end":{"line":52,"column":5}},"line":49},"8":{"name":"(anonymous_8)","decl":{"start":{"line":82,"column":50},"end":{"line":82,"column":51}},"loc":{"start":{"line":83,"column":36},"end":{"line":97,"column":47}},"line":83}},"branchMap":{"0":{"loc":{"start":{"line":82,"column":33},"end":{"line":98,"column":34}},"type":"binary-expr","locations":[{"start":{"line":82,"column":33},"end":{"line":82,"column":37}},{"start":{"line":82,"column":41},"end":{"line":98,"column":34}}],"line":82},"1":{"loc":{"start":{"line":86,"column":67},"end":{"line":86,"column":104}},"type":"cond-expr","locations":[{"start":{"line":86,"column":83},"end":{"line":86,"column":91}},{"start":{"line":86,"column":94},"end":{"line":86,"column":104}}],"line":86}},"s":{"0":1,"1":4,"2":4,"3":4,"4":4,"5":0,"6":4,"7":4,"8":2,"9":2,"10":4,"11":2,"12":4,"13":4,"14":0,"15":0,"16":0,"17":4,"18":0,"19":0,"20":4,"21":4},"f":{"0":4,"1":4,"2":0,"3":2,"4":2,"5":4,"6":0,"7":0,"8":4},"b":{"0":[4,4],"1":[2,2]},"_coverageSchema":"1a1c01bbd47fc00a2c39e90264f33305004495a9","hash":"8a5b1b0035552d5dd08e2978377acccc40063c3f"}
}
