TN:
SF:src\Provider.tsx
FN:16,(anonymous_0)
FNF:1
FNH:0
FNDA:0,(anonymous_0)
DA:14,4
DA:16,4
DA:17,0
DA:18,0
DA:20,0
LF:5
LH:2
BRF:0
BRH:0
end_of_record
TN:
SF:src\pages\auth\Login.tsx
FN:22,(anonymous_0)
FN:39,(anonymous_1)
FN:44,(anonymous_2)
FN:66,(anonymous_3)
FN:80,(anonymous_4)
FN:99,(anonymous_5)
FNF:6
FNH:6
FNDA:4,(anonymous_0)
FNDA:1,(anonymous_1)
FNDA:1,(anonymous_2)
FNDA:1,(anonymous_3)
FNDA:4,(anonymous_4)
FNDA:4,(anonymous_5)
DA:15,1
DA:22,1
DA:23,4
DA:24,3
DA:25,3
DA:31,3
DA:39,3
DA:40,1
DA:41,1
DA:44,3
DA:45,1
DA:46,1
DA:53,1
DA:54,0
DA:56,1
DA:57,1
DA:58,1
DA:59,0
DA:61,1
DA:64,3
DA:66,3
DA:67,1
DA:70,3
DA:81,4
DA:100,4
LF:25
LH:23
BRDA:58,0,0,0
BRDA:58,0,1,1
BRF:2
BRH:1
end_of_record
TN:
SF:src\pages\auth\Register.tsx
FN:24,(anonymous_0)
FN:39,(anonymous_1)
FN:44,(anonymous_2)
FN:63,(anonymous_3)
FN:77,(anonymous_4)
FN:96,(anonymous_5)
FN:115,(anonymous_6)
FNF:7
FNH:6
FNDA:6,(anonymous_0)
FNDA:1,(anonymous_1)
FNDA:2,(anonymous_2)
FNDA:0,(anonymous_3)
FNDA:7,(anonymous_4)
FNDA:7,(anonymous_5)
FNDA:7,(anonymous_6)
DA:16,1
DA:24,1
DA:25,6
DA:27,6
DA:28,5
DA:29,5
DA:35,5
DA:39,5
DA:40,1
DA:41,1
DA:44,5
DA:45,2
DA:46,2
DA:52,1
DA:54,1
DA:55,1
DA:56,1
DA:57,0
DA:59,1
DA:63,5
DA:64,0
DA:67,5
DA:78,7
DA:97,7
DA:116,7
LF:25
LH:23
BRDA:56,0,0,0
BRDA:56,0,1,1
BRF:2
BRH:1
end_of_record
TN:
SF:src\pages\category\Add.tsx
FN:23,(anonymous_0)
FN:39,(anonymous_1)
FN:44,(anonymous_2)
FN:77,(anonymous_3)
FN:97,(anonymous_4)
FNF:5
FNH:3
FNDA:2,(anonymous_0)
FNDA:0,(anonymous_1)
FNDA:0,(anonymous_2)
FNDA:2,(anonymous_3)
FNDA:2,(anonymous_4)
DA:16,1
DA:23,1
DA:24,2
DA:25,2
DA:26,2
DA:27,2
DA:33,2
DA:37,2
DA:39,2
DA:40,0
DA:41,0
DA:44,2
DA:45,0
DA:46,0
DA:55,0
DA:57,0
DA:58,0
DA:59,0
DA:60,0
DA:62,0
DA:66,2
DA:78,2
DA:98,2
LF:23
LH:13
BRDA:59,0,0,0
BRDA:59,0,1,0
BRF:2
BRH:0
end_of_record
TN:
SF:src\pages\category\Edit.tsx
FN:24,(anonymous_0)
FN:40,(anonymous_1)
FN:47,(anonymous_2)
FN:72,(anonymous_3)
FN:76,(anonymous_4)
FN:114,(anonymous_5)
FN:133,(anonymous_6)
FNF:7
FNH:5
FNDA:1,(anonymous_0)
FNDA:0,(anonymous_1)
FNDA:1,(anonymous_2)
FNDA:1,(anonymous_3)
FNDA:0,(anonymous_4)
FNDA:1,(anonymous_5)
FNDA:1,(anonymous_6)
DA:16,1
DA:24,1
DA:25,1
DA:26,1
DA:27,1
DA:28,1
DA:30,1
DA:36,1
DA:40,1
DA:41,0
DA:42,0
DA:45,1
DA:47,1
DA:48,1
DA:49,1
DA:57,0
DA:63,0
DA:64,0
DA:65,0
DA:66,0
DA:68,0
DA:72,1
DA:73,1
DA:76,1
DA:77,0
DA:78,0
DA:92,0
DA:94,0
DA:95,0
DA:96,0
DA:97,0
DA:99,0
DA:103,1
DA:115,1
DA:134,1
LF:35
LH:19
BRDA:65,0,0,0
BRDA:65,0,1,0
BRDA:96,1,0,0
BRDA:96,1,1,0
BRF:4
BRH:0
end_of_record
TN:
SF:src\pages\category\List.tsx
FN:12,(anonymous_0)
FN:16,(anonymous_1)
FN:16,(anonymous_2)
FN:22,(anonymous_3)
FN:31,(anonymous_4)
FN:35,(anonymous_5)
FN:35,(anonymous_6)
FN:49,(anonymous_7)
FN:82,(anonymous_8)
FNF:9
FNH:6
FNDA:4,(anonymous_0)
FNDA:4,(anonymous_1)
FNDA:0,(anonymous_2)
FNDA:2,(anonymous_3)
FNDA:2,(anonymous_4)
FNDA:4,(anonymous_5)
FNDA:0,(anonymous_6)
FNDA:0,(anonymous_7)
FNDA:4,(anonymous_8)
DA:12,1
DA:13,4
DA:14,4
DA:16,4
DA:17,0
DA:20,4
DA:22,4
DA:23,2
DA:28,2
DA:31,4
DA:32,2
DA:35,4
DA:36,0
DA:37,0
DA:43,0
DA:49,4
DA:50,0
DA:51,0
DA:54,4
DA:83,4
LF:20
LH:14
BRDA:82,0,0,4
BRDA:82,0,1,4
BRDA:86,1,0,2
BRDA:86,1,1,2
BRF:4
BRH:4
end_of_record
